c:\users\chang-pc\documents\visual studio 2015\projects\imageryprocess\x64\debug\vc140.pdb
c:\users\chang-pc\documents\visual studio 2015\projects\imageryprocess\x64\debug\diptools.obj
c:\users\chang-pc\documents\visual studio 2015\projects\imageryprocess\x64\debug\mainform.obj
c:\users\chang-pc\documents\visual studio 2015\projects\imageryprocess\x64\debug\imageryprocess.mainform.resources
c:\users\chang-pc\documents\visual studio 2015\projects\imageryprocess\x64\debug\imagery_process.exe
c:\users\chang-pc\documents\visual studio 2015\projects\imageryprocess\x64\debug\imagery_process.pdb
c:\users\chang-pc\documents\visual studio 2015\projects\imageryprocess\x64\debug\imageryprocess.vcxproj.generateresource.cache
c:\users\chang-pc\documents\visual studio 2015\projects\imageryprocess\x64\debug\imageryprocess.vcxprojresolveassemblyreference.cache
c:\users\chang-pc\documents\visual studio 2015\projects\imageryprocess\x64\debug\.netframework,version=v4.0.assemblyattributes.obj
c:\users\chang-pc\documents\visual studio 2015\projects\imageryprocess\x64\debug\imagery_process.exe.metagen
c:\users\chang-pc\documents\visual studio 2015\projects\imageryprocess\x64\debug\imagery_process.tlog\cl.command.1.tlog
c:\users\chang-pc\documents\visual studio 2015\projects\imageryprocess\x64\debug\imagery_process.tlog\cl.read.1.tlog
c:\users\chang-pc\documents\visual studio 2015\projects\imageryprocess\x64\debug\imagery_process.tlog\cl.write.1.tlog
c:\users\chang-pc\documents\visual studio 2015\projects\imageryprocess\x64\debug\imagery_process.tlog\imagery_process.write.1u.tlog
c:\users\chang-pc\documents\visual studio 2015\projects\imageryprocess\x64\debug\imagery_process.tlog\link.command.1.tlog
c:\users\chang-pc\documents\visual studio 2015\projects\imageryprocess\x64\debug\imagery_process.tlog\link.read.1.tlog
c:\users\chang-pc\documents\visual studio 2015\projects\imageryprocess\x64\debug\imagery_process.tlog\link.write.1.tlog
c:\users\chang-pc\documents\visual studio 2015\projects\imageryprocess\x64\debug\imagery_process.tlog\metagen.read.1.tlog
c:\users\chang-pc\documents\visual studio 2015\projects\imageryprocess\x64\debug\imagery_process.tlog\metagen.write.1.tlog
c:\users\chang-pc\documents\visual studio 2015\projects\imageryprocess\x64\debug\imagery_process.tlog\tzres.dll.bi
